2020-03-09 19:32:03,610 INFO 8222 [egg-schedule]: register schedule /Users/renge/Desktop/cyanToo/cyan-lottery/cyan-lottery/node_modules/_egg-multipart@2.10.1@egg-multipart/app/schedule/clean_tmpdir.js
2020-03-09 19:32:03,610 INFO 8222 [egg-schedule]: register schedule /Users/renge/Desktop/cyanToo/cyan-lottery/cyan-lottery/node_modules/_egg-logrotator@3.1.0@egg-logrotator/app/schedule/clean_log.js
2020-03-09 19:32:03,610 INFO 8222 [egg-schedule]: register schedule /Users/renge/Desktop/cyanToo/cyan-lottery/cyan-lottery/node_modules/_egg-logrotator@3.1.0@egg-logrotator/app/schedule/rotate_by_file.js
2020-03-09 19:32:06,819 INFO 8222 [Timer] /Users/renge/Desktop/cyanToo/cyan-lottery/cyan-lottery/node_modules/_egg-multipart@2.10.1@egg-multipart/app/schedule/clean_tmpdir.js next time will execute after 32273184ms at 2020-03-10 04:30:00.003
2020-03-09 19:32:06,820 INFO 8222 [Timer] /Users/renge/Desktop/cyanToo/cyan-lottery/cyan-lottery/node_modules/_egg-logrotator@3.1.0@egg-logrotator/app/schedule/clean_log.js next time will execute after 16073181ms at 2020-03-10 00:00:00.001
2020-03-09 19:32:06,820 INFO 8222 [Timer] /Users/renge/Desktop/cyanToo/cyan-lottery/cyan-lottery/node_modules/_egg-logrotator@3.1.0@egg-logrotator/app/schedule/rotate_by_file.js next time will execute after 16074180ms at 2020-03-10 00:00:01.000
2020-03-10 12:12:26,600 INFO 11013 [egg-schedule]: register schedule /Users/renge/Desktop/cyanToo/cyan-lottery/cyan-lottery/node_modules/_egg-multipart@2.10.1@egg-multipart/app/schedule/clean_tmpdir.js
2020-03-10 12:12:26,600 INFO 11013 [egg-schedule]: register schedule /Users/renge/Desktop/cyanToo/cyan-lottery/cyan-lottery/node_modules/_egg-logrotator@3.1.0@egg-logrotator/app/schedule/clean_log.js
2020-03-10 12:12:26,600 INFO 11013 [egg-schedule]: register schedule /Users/renge/Desktop/cyanToo/cyan-lottery/cyan-lottery/node_modules/_egg-logrotator@3.1.0@egg-logrotator/app/schedule/rotate_by_file.js
2020-03-10 12:12:30,673 INFO 11012 [Timer] /Users/renge/Desktop/cyanToo/cyan-lottery/cyan-lottery/node_modules/_egg-multipart@2.10.1@egg-multipart/app/schedule/clean_tmpdir.js next time will execute after 58649330ms at 2020-03-11 04:30:00.003
2020-03-10 12:12:30,673 INFO 11012 [Timer] /Users/renge/Desktop/cyanToo/cyan-lottery/cyan-lottery/node_modules/_egg-logrotator@3.1.0@egg-logrotator/app/schedule/clean_log.js next time will execute after 42449327ms at 2020-03-11 00:00:00.000
2020-03-10 12:12:30,673 INFO 11012 [Timer] /Users/renge/Desktop/cyanToo/cyan-lottery/cyan-lottery/node_modules/_egg-logrotator@3.1.0@egg-logrotator/app/schedule/rotate_by_file.js next time will execute after 42450327ms at 2020-03-11 00:00:01.000
2020-03-10 15:14:27,767 INFO 11663 [Timer] /Users/renge/Desktop/cyanToo/cyan-lottery/cyan-lottery/node_modules/_egg-multipart@2.10.1@egg-multipart/app/schedule/clean_tmpdir.js next time will execute after 47732236ms at 2020-03-11 04:30:00.003
2020-03-10 15:14:27,767 INFO 11663 [Timer] /Users/renge/Desktop/cyanToo/cyan-lottery/cyan-lottery/node_modules/_egg-logrotator@3.1.0@egg-logrotator/app/schedule/clean_log.js next time will execute after 31532233ms at 2020-03-11 00:00:00.000
2020-03-10 15:14:27,768 INFO 11663 [Timer] /Users/renge/Desktop/cyanToo/cyan-lottery/cyan-lottery/node_modules/_egg-logrotator@3.1.0@egg-logrotator/app/schedule/rotate_by_file.js next time will execute after 31533233ms at 2020-03-11 00:00:01.001
2020-03-10 15:14:27,346 INFO 11666 [egg-schedule]: register schedule /Users/renge/Desktop/cyanToo/cyan-lottery/cyan-lottery/node_modules/_egg-multipart@2.10.1@egg-multipart/app/schedule/clean_tmpdir.js
2020-03-10 15:14:27,346 INFO 11666 [egg-schedule]: register schedule /Users/renge/Desktop/cyanToo/cyan-lottery/cyan-lottery/node_modules/_egg-logrotator@3.1.0@egg-logrotator/app/schedule/clean_log.js
2020-03-10 15:14:27,346 INFO 11666 [egg-schedule]: register schedule /Users/renge/Desktop/cyanToo/cyan-lottery/cyan-lottery/node_modules/_egg-logrotator@3.1.0@egg-logrotator/app/schedule/rotate_by_file.js
2020-03-10 15:14:52,346 INFO 11668 [egg-schedule]: register schedule /Users/renge/Desktop/cyanToo/cyan-lottery/cyan-lottery/node_modules/_egg-multipart@2.10.1@egg-multipart/app/schedule/clean_tmpdir.js
2020-03-10 15:14:52,346 INFO 11668 [egg-schedule]: register schedule /Users/renge/Desktop/cyanToo/cyan-lottery/cyan-lottery/node_modules/_egg-logrotator@3.1.0@egg-logrotator/app/schedule/clean_log.js
2020-03-10 15:14:52,346 INFO 11668 [egg-schedule]: register schedule /Users/renge/Desktop/cyanToo/cyan-lottery/cyan-lottery/node_modules/_egg-logrotator@3.1.0@egg-logrotator/app/schedule/rotate_by_file.js
2020-03-10 15:15:11,774 INFO 11674 [egg-schedule]: register schedule /Users/renge/Desktop/cyanToo/cyan-lottery/cyan-lottery/node_modules/_egg-multipart@2.10.1@egg-multipart/app/schedule/clean_tmpdir.js
2020-03-10 15:15:11,774 INFO 11674 [egg-schedule]: register schedule /Users/renge/Desktop/cyanToo/cyan-lottery/cyan-lottery/node_modules/_egg-logrotator@3.1.0@egg-logrotator/app/schedule/clean_log.js
2020-03-10 15:15:11,774 INFO 11674 [egg-schedule]: register schedule /Users/renge/Desktop/cyanToo/cyan-lottery/cyan-lottery/node_modules/_egg-logrotator@3.1.0@egg-logrotator/app/schedule/rotate_by_file.js
2020-03-10 15:52:40,658 INFO 11971 [egg-schedule]: register schedule /Users/renge/Desktop/cyanToo/cyan-lottery/cyan-lottery/node_modules/_egg-multipart@2.10.1@egg-multipart/app/schedule/clean_tmpdir.js
2020-03-10 15:52:40,658 INFO 11971 [egg-schedule]: register schedule /Users/renge/Desktop/cyanToo/cyan-lottery/cyan-lottery/node_modules/_egg-logrotator@3.1.0@egg-logrotator/app/schedule/clean_log.js
2020-03-10 15:52:40,658 INFO 11971 [egg-schedule]: register schedule /Users/renge/Desktop/cyanToo/cyan-lottery/cyan-lottery/node_modules/_egg-logrotator@3.1.0@egg-logrotator/app/schedule/rotate_by_file.js
2020-03-10 15:53:01,906 INFO 11973 [egg-schedule]: register schedule /Users/renge/Desktop/cyanToo/cyan-lottery/cyan-lottery/node_modules/_egg-multipart@2.10.1@egg-multipart/app/schedule/clean_tmpdir.js
2020-03-10 15:53:01,906 INFO 11973 [egg-schedule]: register schedule /Users/renge/Desktop/cyanToo/cyan-lottery/cyan-lottery/node_modules/_egg-logrotator@3.1.0@egg-logrotator/app/schedule/clean_log.js
2020-03-10 15:53:01,906 INFO 11973 [egg-schedule]: register schedule /Users/renge/Desktop/cyanToo/cyan-lottery/cyan-lottery/node_modules/_egg-logrotator@3.1.0@egg-logrotator/app/schedule/rotate_by_file.js
2020-03-10 15:56:44,883 INFO 11991 [egg-schedule]: register schedule /Users/renge/Desktop/cyanToo/cyan-lottery/cyan-lottery/node_modules/_egg-multipart@2.10.1@egg-multipart/app/schedule/clean_tmpdir.js
2020-03-10 15:56:44,884 INFO 11991 [egg-schedule]: register schedule /Users/renge/Desktop/cyanToo/cyan-lottery/cyan-lottery/node_modules/_egg-logrotator@3.1.0@egg-logrotator/app/schedule/clean_log.js
2020-03-10 15:56:44,884 INFO 11991 [egg-schedule]: register schedule /Users/renge/Desktop/cyanToo/cyan-lottery/cyan-lottery/node_modules/_egg-logrotator@3.1.0@egg-logrotator/app/schedule/rotate_by_file.js
2020-03-10 16:00:18,688 INFO 12055 [egg-schedule]: register schedule /Users/renge/Desktop/cyanToo/cyan-lottery/cyan-lottery/node_modules/_egg-multipart@2.10.1@egg-multipart/app/schedule/clean_tmpdir.js
2020-03-10 16:00:18,688 INFO 12055 [egg-schedule]: register schedule /Users/renge/Desktop/cyanToo/cyan-lottery/cyan-lottery/node_modules/_egg-logrotator@3.1.0@egg-logrotator/app/schedule/clean_log.js
2020-03-10 16:00:18,688 INFO 12055 [egg-schedule]: register schedule /Users/renge/Desktop/cyanToo/cyan-lottery/cyan-lottery/node_modules/_egg-logrotator@3.1.0@egg-logrotator/app/schedule/rotate_by_file.js
2020-03-10 16:00:23,081 INFO 12054 [Timer] /Users/renge/Desktop/cyanToo/cyan-lottery/cyan-lottery/node_modules/_egg-multipart@2.10.1@egg-multipart/app/schedule/clean_tmpdir.js next time will execute after 44976923ms at 2020-03-11 04:30:00.003
2020-03-10 16:00:23,081 INFO 12054 [Timer] /Users/renge/Desktop/cyanToo/cyan-lottery/cyan-lottery/node_modules/_egg-logrotator@3.1.0@egg-logrotator/app/schedule/clean_log.js next time will execute after 28776919ms at 2020-03-11 00:00:00.000
2020-03-10 16:00:23,081 INFO 12054 [Timer] /Users/renge/Desktop/cyanToo/cyan-lottery/cyan-lottery/node_modules/_egg-logrotator@3.1.0@egg-logrotator/app/schedule/rotate_by_file.js next time will execute after 28777919ms at 2020-03-11 00:00:01.000
2020-03-10 16:04:17,047 INFO 12089 [egg-schedule]: register schedule /Users/renge/Desktop/cyanToo/cyan-lottery/cyan-lottery/node_modules/_egg-multipart@2.10.1@egg-multipart/app/schedule/clean_tmpdir.js
2020-03-10 16:04:17,047 INFO 12089 [egg-schedule]: register schedule /Users/renge/Desktop/cyanToo/cyan-lottery/cyan-lottery/node_modules/_egg-logrotator@3.1.0@egg-logrotator/app/schedule/clean_log.js
2020-03-10 16:04:17,047 INFO 12089 [egg-schedule]: register schedule /Users/renge/Desktop/cyanToo/cyan-lottery/cyan-lottery/node_modules/_egg-logrotator@3.1.0@egg-logrotator/app/schedule/rotate_by_file.js
2020-03-10 16:28:20,537 INFO 12277 [egg-schedule]: register schedule /Users/renge/Desktop/cyanToo/cyan-lottery/cyan-lottery/node_modules/_egg-multipart@2.10.1@egg-multipart/app/schedule/clean_tmpdir.js
2020-03-10 16:28:20,537 INFO 12277 [egg-schedule]: register schedule /Users/renge/Desktop/cyanToo/cyan-lottery/cyan-lottery/node_modules/_egg-logrotator@3.1.0@egg-logrotator/app/schedule/clean_log.js
2020-03-10 16:28:20,537 INFO 12277 [egg-schedule]: register schedule /Users/renge/Desktop/cyanToo/cyan-lottery/cyan-lottery/node_modules/_egg-logrotator@3.1.0@egg-logrotator/app/schedule/rotate_by_file.js
2020-03-10 16:28:20,904 INFO 12267 [Timer] /Users/renge/Desktop/cyanToo/cyan-lottery/cyan-lottery/node_modules/_egg-multipart@2.10.1@egg-multipart/app/schedule/clean_tmpdir.js next time will execute after 43299099ms at 2020-03-11 04:30:00.003
2020-03-10 16:28:20,904 INFO 12267 [Timer] /Users/renge/Desktop/cyanToo/cyan-lottery/cyan-lottery/node_modules/_egg-logrotator@3.1.0@egg-logrotator/app/schedule/clean_log.js next time will execute after 27099096ms at 2020-03-11 00:00:00.000
2020-03-10 16:28:20,904 INFO 12267 [Timer] /Users/renge/Desktop/cyanToo/cyan-lottery/cyan-lottery/node_modules/_egg-logrotator@3.1.0@egg-logrotator/app/schedule/rotate_by_file.js next time will execute after 27100096ms at 2020-03-11 00:00:01.000
2020-03-10 16:29:02,624 INFO 12315 [egg-schedule]: register schedule /Users/renge/Desktop/cyanToo/cyan-lottery/cyan-lottery/node_modules/_egg-multipart@2.10.1@egg-multipart/app/schedule/clean_tmpdir.js
2020-03-10 16:29:02,625 INFO 12315 [egg-schedule]: register schedule /Users/renge/Desktop/cyanToo/cyan-lottery/cyan-lottery/node_modules/_egg-logrotator@3.1.0@egg-logrotator/app/schedule/clean_log.js
2020-03-10 16:29:02,625 INFO 12315 [egg-schedule]: register schedule /Users/renge/Desktop/cyanToo/cyan-lottery/cyan-lottery/node_modules/_egg-logrotator@3.1.0@egg-logrotator/app/schedule/rotate_by_file.js
2020-03-10 16:29:08,241 INFO 12320 [egg-schedule]: register schedule /Users/renge/Desktop/cyanToo/cyan-lottery/cyan-lottery/node_modules/_egg-multipart@2.10.1@egg-multipart/app/schedule/clean_tmpdir.js
2020-03-10 16:29:08,241 INFO 12320 [egg-schedule]: register schedule /Users/renge/Desktop/cyanToo/cyan-lottery/cyan-lottery/node_modules/_egg-logrotator@3.1.0@egg-logrotator/app/schedule/clean_log.js
2020-03-10 16:29:08,241 INFO 12320 [egg-schedule]: register schedule /Users/renge/Desktop/cyanToo/cyan-lottery/cyan-lottery/node_modules/_egg-logrotator@3.1.0@egg-logrotator/app/schedule/rotate_by_file.js
